2024-05-03 01:54:23,695 - apscheduler.scheduler - INFO - Adding job tentatively -- it will be properly scheduled when the scheduler starts
2024-05-03 01:54:23,696 - apscheduler.scheduler - INFO - Added job "create_notifications" to job store "default"
2024-05-03 01:54:23,697 - apscheduler.scheduler - INFO - Scheduler started
2024-05-03 01:54:23,697 - apscheduler.scheduler - DEBUG - Looking for jobs to run
2024-05-03 01:54:23,697 - apscheduler.scheduler - DEBUG - Next wakeup is due at 2024-05-02 22:55:23.695659+00:00 (in 59.997998 seconds)
2024-05-03 01:54:23,701 - apscheduler.scheduler - INFO - Adding job tentatively -- it will be properly scheduled when the scheduler starts
2024-05-03 01:54:23,702 - apscheduler.scheduler - INFO - Added job "delete_notifications" to job store "default"
2024-05-03 01:54:23,702 - apscheduler.scheduler - INFO - Scheduler started
2024-05-03 01:54:23,703 - apscheduler.scheduler - DEBUG - Looking for jobs to run
2024-05-03 01:54:23,704 - apscheduler.scheduler - DEBUG - Next wakeup is due at 2024-05-02 22:55:23.701645+00:00 (in 59.996999 seconds)
2024-05-03 01:54:23,705 - my_app - INFO - Starting bot....
2024-05-03 01:54:23,708 - telegram.ext.dispatcher - DEBUG - Setting singleton dispatcher as <telegram.ext.dispatcher.Dispatcher object at 0x000001E9345035E0>
2024-05-03 01:54:23,720 - apscheduler.scheduler - INFO - Scheduler started
2024-05-03 01:54:23,723 - apscheduler.scheduler - DEBUG - Looking for jobs to run
2024-05-03 01:54:23,723 - telegram.bot - DEBUG - Entering: get_me
2024-05-03 01:54:23,723 - apscheduler.scheduler - DEBUG - No jobs; waiting until a job is added
2024-05-03 01:54:23,959 - telegram.bot - DEBUG - {'supports_inline_queries': False, 'is_bot': True, 'can_read_all_group_messages': False, 'first_name': 'TortoBot 🎂', 'can_join_groups': True, 'id': 6948226088, 'username': 'memmfiz01_bot'}
2024-05-03 01:54:23,959 - telegram.bot - DEBUG - Exiting: get_me
2024-05-03 01:54:23,960 - telegram.ext.updater - DEBUG - Bot:6948226088:dispatcher - started
2024-05-03 01:54:23,960 - telegram.ext.updater - DEBUG - Bot:6948226088:updater - started
2024-05-03 01:54:23,961 - telegram.ext.updater - DEBUG - Waiting for Dispatcher and polling to start
2024-05-03 01:54:23,961 - telegram.ext.updater - DEBUG - Updater thread started (polling)
2024-05-03 01:54:23,961 - telegram.ext.updater - DEBUG - Start network loop retry bootstrap del webhook
2024-05-03 01:54:23,962 - telegram.ext.updater - DEBUG - Deleting webhook
2024-05-03 01:54:23,962 - telegram.ext.dispatcher - DEBUG - Dispatcher started
2024-05-03 01:54:23,962 - telegram.bot - DEBUG - Entering: delete_webhook
2024-05-03 01:54:24,032 - telegram.bot - DEBUG - True
2024-05-03 01:54:24,032 - telegram.bot - DEBUG - Exiting: delete_webhook
2024-05-03 01:54:24,032 - telegram.ext.updater - DEBUG - Bootstrap done
2024-05-03 01:54:24,032 - telegram.ext.updater - DEBUG - Start network loop retry getting Updates
2024-05-03 01:54:24,032 - telegram.bot - DEBUG - Entering: get_updates
2024-05-03 01:54:25,587 - telegram.bot - DEBUG - Getting updates: [681526654]
2024-05-03 01:54:25,587 - telegram.bot - DEBUG - [<telegram.update.Update object at 0x000001E9346EC880>]
2024-05-03 01:54:25,587 - telegram.bot - DEBUG - Exiting: get_updates
2024-05-03 01:54:25,587 - telegram.bot - DEBUG - Entering: get_updates
2024-05-03 01:54:25,588 - telegram.ext.dispatcher - DEBUG - Processing Update: {'callback_query': {'chat_instance': '-8677086637152500500', 'data': 'start', 'message': {'supergroup_chat_created': False, 'new_chat_members': [], 'reply_markup': {'inline_keyboard': [[{'text': 'Отмена', 'callback_data': 'start'}]]}, 'date': 1714690295, 'group_chat_created': False, 'chat': {'id': 319661378, 'username': 'memmfiz', 'first_name': 'Владимир', 'type': 'private', 'last_name': 'Моисеев'}, 'text': 'ID | Дата рождения | Имя именинника | Пол\n127 | 1 ОКТ | Вова | М\n125 | 1 МАЙ | Петя | -\n124 | 14 АВГ | ВОва | -\n123 | 30 АВГ | Вова | -\n114 | 3 ИЮЛ | 3123 | М\n113 | 3 МАЙ | вфывыф | М\n110 | 30 НОЯ 1993 | сячс | М\n109 | 30 АПР 1996 | Антошка | М\n107 | 9 НОЯ | 40-jqww | Ж\n100 | 20 ДЕК | Петя | -\n98 | 28 АПР 1963 | Максим Андреевич | М\n97 | 2 ИЮЛ 1953 | Иван Алексеевич | М\n96 | 29 ФЕВ 2020 | Козёл из 29 фераля | М\n95 | 4 СЕН 1985 | Оля | Ж\n94 | 30 АПР | Вова | М\n93 | 7 НОЯ | Вася | М\n92 | 1 НОЯ | Петя | Ж\n91 | 6 НОЯ 1987 | Джон | -\n90 | 6 НОЯ | d | Ж\n89 | 1 ДЕК | s | -\n88 | 30 СЕН 1998 | ВОва | Ж\n87 | 31 АВГ | Вова | -\n86 | 30 СЕН | s | -\n85 | 31 АВГ | djdf | -\n84 | 27 АПР 1985 | Тест нотификации | М\n83 | 28 ФЕВ 2023 | счс | -\n82 | 29 ФЕВ 2024 | вов | Ж\n81 | 31 АВГ | выф | Ж\n78 | 30 НОЯ | Вова | cancel\n76 | 28 АПР 1992 | Рубанов Алексей Александрович | М\n69 | 29 АПР | Дата будущее | Ж\n68 | 1 ЯНВ 1992 | Имя - Прошлая дата | М\n67 | 10 НОЯ | Петя нет | Ж\n66 | 10 ЯНВ 1951 | Петя Иванов | М\n62 | 12 СЕН | новый1 | Ж\n61 | 12 НОЯ | Вова | Ж\n37 | 8 АПР 1991 | djd | Ж', 'caption_entities': [], 'entities': [], 'photo': [], 'delete_chat_photo': False, 'message_id': 3634, 'channel_chat_created': False, 'new_chat_photo': [], 'from': {'is_bot': True, 'first_name': 'TortoBot 🎂', 'id': 6948226088, 'username': 'memmfiz01_bot'}}, 'id': '1372935166415608234', 'from': {'is_bot': False, 'first_name': 'Владимир', 'id': 319661378, 'last_name': 'Моисеев', 'language_code': 'en', 'username': 'memmfiz'}}, 'update_id': 681526654}
2024-05-03 01:54:25,588 - telegram.bot - DEBUG - Entering: answer_callback_query
2024-05-03 01:54:25,851 - telegram.bot - DEBUG - True
2024-05-03 01:54:25,852 - telegram.bot - DEBUG - Exiting: answer_callback_query
2024-05-03 01:54:25,852 - telegram.bot - DEBUG - Entering: send_message
2024-05-03 01:54:25,950 - telegram.bot - DEBUG - {'supergroup_chat_created': False, 'new_chat_members': [], 'date': 1714690468, 'group_chat_created': False, 'chat': {'id': 319661378, 'username': 'memmfiz', 'first_name': 'Владимир', 'type': 'private', 'last_name': 'Моисеев'}, 'text': 'Отмена действия. Вы перемещены на главный экран', 'caption_entities': [], 'entities': [], 'photo': [], 'delete_chat_photo': False, 'message_id': 3635, 'channel_chat_created': False, 'new_chat_photo': [], 'from': {'is_bot': True, 'first_name': 'TortoBot 🎂', 'id': 6948226088, 'username': 'memmfiz01_bot'}}
2024-05-03 01:54:25,951 - telegram.bot - DEBUG - Exiting: send_message
2024-05-03 01:54:25,951 - telegram.bot - DEBUG - Entering: send_message
2024-05-03 01:54:26,050 - telegram.bot - DEBUG - {'supergroup_chat_created': False, 'new_chat_members': [], 'reply_markup': {'inline_keyboard': [[{'text': 'Добавить ДР!', 'callback_data': 'addbirthday'}], [{'text': 'Показать все записи', 'callback_data': 'showall'}], [{'text': 'Удалить запись', 'callback_data': 'delete'}], [{'text': 'Инфо и помощь', 'callback_data': 'info'}]]}, 'date': 1714690468, 'group_chat_created': False, 'chat': {'id': 319661378, 'username': 'memmfiz', 'first_name': 'Владимир', 'type': 'private', 'last_name': 'Моисеев'}, 'text': 'Выберите действие:', 'caption_entities': [], 'entities': [], 'photo': [], 'delete_chat_photo': False, 'message_id': 3636, 'channel_chat_created': False, 'new_chat_photo': [], 'from': {'is_bot': True, 'first_name': 'TortoBot 🎂', 'id': 6948226088, 'username': 'memmfiz01_bot'}}
2024-05-03 01:54:26,050 - telegram.bot - DEBUG - Exiting: send_message
2024-05-03 01:54:27,346 - telegram.bot - DEBUG - Getting updates: [681526655]
2024-05-03 01:54:27,346 - telegram.bot - DEBUG - [<telegram.update.Update object at 0x000001E9346ECA00>]
2024-05-03 01:54:27,346 - telegram.bot - DEBUG - Exiting: get_updates
2024-05-03 01:54:27,346 - telegram.bot - DEBUG - Entering: get_updates
2024-05-03 01:54:27,346 - telegram.ext.dispatcher - DEBUG - Processing Update: {'callback_query': {'chat_instance': '-8677086637152500500', 'data': 'showall', 'message': {'supergroup_chat_created': False, 'new_chat_members': [], 'reply_markup': {'inline_keyboard': [[{'text': 'Добавить ДР!', 'callback_data': 'addbirthday'}], [{'text': 'Показать все записи', 'callback_data': 'showall'}], [{'text': 'Удалить запись', 'callback_data': 'delete'}], [{'text': 'Инфо и помощь', 'callback_data': 'info'}]]}, 'date': 1714690468, 'group_chat_created': False, 'chat': {'id': 319661378, 'username': 'memmfiz', 'first_name': 'Владимир', 'type': 'private', 'last_name': 'Моисеев'}, 'text': 'Выберите действие:', 'caption_entities': [], 'entities': [], 'photo': [], 'delete_chat_photo': False, 'message_id': 3636, 'channel_chat_created': False, 'new_chat_photo': [], 'from': {'is_bot': True, 'first_name': 'TortoBot 🎂', 'id': 6948226088, 'username': 'memmfiz01_bot'}}, 'id': '1372935168038340298', 'from': {'is_bot': False, 'first_name': 'Владимир', 'id': 319661378, 'last_name': 'Моисеев', 'language_code': 'en', 'username': 'memmfiz'}}, 'update_id': 681526655}
2024-05-03 01:54:27,348 - telegram.bot - DEBUG - Entering: answer_callback_query
2024-05-03 01:54:27,436 - telegram.bot - DEBUG - True
2024-05-03 01:54:27,436 - telegram.bot - DEBUG - Exiting: answer_callback_query
2024-05-03 01:54:27,486 - telegram.bot - DEBUG - Entering: send_message
2024-05-03 01:54:27,581 - telegram.bot - DEBUG - {'supergroup_chat_created': False, 'new_chat_members': [], 'reply_markup': {'inline_keyboard': [[{'text': 'Отмена', 'callback_data': 'start'}]]}, 'date': 1714690469, 'group_chat_created': False, 'chat': {'id': 319661378, 'username': 'memmfiz', 'first_name': 'Владимир', 'type': 'private', 'last_name': 'Моисеев'}, 'text': 'ID | Дата рождения | Имя именинника | Пол\n127 | 1 ОКТ | Вова | М\n125 | 1 МАЙ | Петя | -\n124 | 14 АВГ | ВОва | -\n123 | 30 АВГ | Вова | -\n114 | 3 ИЮЛ | 3123 | М\n113 | 3 МАЙ | вфывыф | М\n110 | 30 НОЯ 1993 | сячс | М\n109 | 30 АПР 1996 | Антошка | М\n107 | 9 НОЯ | 40-jqww | Ж\n100 | 20 ДЕК | Петя | -\n98 | 28 АПР 1963 | Максим Андреевич | М\n97 | 2 ИЮЛ 1953 | Иван Алексеевич | М\n96 | 29 ФЕВ 2020 | Козёл из 29 фераля | М\n95 | 4 СЕН 1985 | Оля | Ж\n94 | 30 АПР | Вова | М\n93 | 7 НОЯ | Вася | М\n92 | 1 НОЯ | Петя | Ж\n91 | 6 НОЯ 1987 | Джон | -\n90 | 6 НОЯ | d | Ж\n89 | 1 ДЕК | s | -\n88 | 30 СЕН 1998 | ВОва | Ж\n87 | 31 АВГ | Вова | -\n86 | 30 СЕН | s | -\n85 | 31 АВГ | djdf | -\n84 | 27 АПР 1985 | Тест нотификации | М\n83 | 28 ФЕВ 2023 | счс | -\n82 | 29 ФЕВ 2024 | вов | Ж\n81 | 31 АВГ | выф | Ж\n78 | 30 НОЯ | Вова | cancel\n76 | 28 АПР 1992 | Рубанов Алексей Александрович | М\n69 | 29 АПР | Дата будущее | Ж\n68 | 1 ЯНВ 1992 | Имя - Прошлая дата | М\n67 | 10 НОЯ | Петя нет | Ж\n66 | 10 ЯНВ 1951 | Петя Иванов | М\n62 | 12 СЕН | новый1 | Ж\n61 | 12 НОЯ | Вова | Ж\n37 | 8 АПР 1991 | djd | Ж', 'caption_entities': [], 'entities': [], 'photo': [], 'delete_chat_photo': False, 'message_id': 3637, 'channel_chat_created': False, 'new_chat_photo': [], 'from': {'is_bot': True, 'first_name': 'TortoBot 🎂', 'id': 6948226088, 'username': 'memmfiz01_bot'}}
2024-05-03 01:54:27,581 - telegram.bot - DEBUG - Exiting: send_message
2024-05-03 01:54:29,148 - telegram.bot - DEBUG - Getting updates: [681526656]
2024-05-03 01:54:29,149 - telegram.bot - DEBUG - [<telegram.update.Update object at 0x000001E9346EC880>]
2024-05-03 01:54:29,149 - telegram.bot - DEBUG - Exiting: get_updates
2024-05-03 01:54:29,149 - telegram.bot - DEBUG - Entering: get_updates
2024-05-03 01:54:29,149 - telegram.ext.dispatcher - DEBUG - Processing Update: {'callback_query': {'chat_instance': '-8677086637152500500', 'data': 'start', 'message': {'supergroup_chat_created': False, 'new_chat_members': [], 'reply_markup': {'inline_keyboard': [[{'text': 'Отмена', 'callback_data': 'start'}]]}, 'date': 1714690469, 'group_chat_created': False, 'chat': {'id': 319661378, 'username': 'memmfiz', 'first_name': 'Владимир', 'type': 'private', 'last_name': 'Моисеев'}, 'text': 'ID | Дата рождения | Имя именинника | Пол\n127 | 1 ОКТ | Вова | М\n125 | 1 МАЙ | Петя | -\n124 | 14 АВГ | ВОва | -\n123 | 30 АВГ | Вова | -\n114 | 3 ИЮЛ | 3123 | М\n113 | 3 МАЙ | вфывыф | М\n110 | 30 НОЯ 1993 | сячс | М\n109 | 30 АПР 1996 | Антошка | М\n107 | 9 НОЯ | 40-jqww | Ж\n100 | 20 ДЕК | Петя | -\n98 | 28 АПР 1963 | Максим Андреевич | М\n97 | 2 ИЮЛ 1953 | Иван Алексеевич | М\n96 | 29 ФЕВ 2020 | Козёл из 29 фераля | М\n95 | 4 СЕН 1985 | Оля | Ж\n94 | 30 АПР | Вова | М\n93 | 7 НОЯ | Вася | М\n92 | 1 НОЯ | Петя | Ж\n91 | 6 НОЯ 1987 | Джон | -\n90 | 6 НОЯ | d | Ж\n89 | 1 ДЕК | s | -\n88 | 30 СЕН 1998 | ВОва | Ж\n87 | 31 АВГ | Вова | -\n86 | 30 СЕН | s | -\n85 | 31 АВГ | djdf | -\n84 | 27 АПР 1985 | Тест нотификации | М\n83 | 28 ФЕВ 2023 | счс | -\n82 | 29 ФЕВ 2024 | вов | Ж\n81 | 31 АВГ | выф | Ж\n78 | 30 НОЯ | Вова | cancel\n76 | 28 АПР 1992 | Рубанов Алексей Александрович | М\n69 | 29 АПР | Дата будущее | Ж\n68 | 1 ЯНВ 1992 | Имя - Прошлая дата | М\n67 | 10 НОЯ | Петя нет | Ж\n66 | 10 ЯНВ 1951 | Петя Иванов | М\n62 | 12 СЕН | новый1 | Ж\n61 | 12 НОЯ | Вова | Ж\n37 | 8 АПР 1991 | djd | Ж', 'caption_entities': [], 'entities': [], 'photo': [], 'delete_chat_photo': False, 'message_id': 3637, 'channel_chat_created': False, 'new_chat_photo': [], 'from': {'is_bot': True, 'first_name': 'TortoBot 🎂', 'id': 6948226088, 'username': 'memmfiz01_bot'}}, 'id': '1372935164407747755', 'from': {'is_bot': False, 'first_name': 'Владимир', 'id': 319661378, 'last_name': 'Моисеев', 'language_code': 'en', 'username': 'memmfiz'}}, 'update_id': 681526656}
2024-05-03 01:54:29,150 - telegram.bot - DEBUG - Entering: answer_callback_query
2024-05-03 01:54:29,231 - telegram.bot - DEBUG - True
2024-05-03 01:54:29,231 - telegram.bot - DEBUG - Exiting: answer_callback_query
2024-05-03 01:54:29,232 - telegram.bot - DEBUG - Entering: send_message
2024-05-03 01:54:29,330 - telegram.bot - DEBUG - {'supergroup_chat_created': False, 'new_chat_members': [], 'date': 1714690471, 'group_chat_created': False, 'chat': {'id': 319661378, 'username': 'memmfiz', 'first_name': 'Владимир', 'type': 'private', 'last_name': 'Моисеев'}, 'text': 'Отмена действия. Вы перемещены на главный экран', 'caption_entities': [], 'entities': [], 'photo': [], 'delete_chat_photo': False, 'message_id': 3638, 'channel_chat_created': False, 'new_chat_photo': [], 'from': {'is_bot': True, 'first_name': 'TortoBot 🎂', 'id': 6948226088, 'username': 'memmfiz01_bot'}}
2024-05-03 01:54:29,331 - telegram.bot - DEBUG - Exiting: send_message
2024-05-03 01:54:29,331 - telegram.bot - DEBUG - Entering: send_message
2024-05-03 01:54:29,491 - telegram.bot - DEBUG - {'supergroup_chat_created': False, 'new_chat_members': [], 'reply_markup': {'inline_keyboard': [[{'text': 'Добавить ДР!', 'callback_data': 'addbirthday'}], [{'text': 'Показать все записи', 'callback_data': 'showall'}], [{'text': 'Удалить запись', 'callback_data': 'delete'}], [{'text': 'Инфо и помощь', 'callback_data': 'info'}]]}, 'date': 1714690471, 'group_chat_created': False, 'chat': {'id': 319661378, 'username': 'memmfiz', 'first_name': 'Владимир', 'type': 'private', 'last_name': 'Моисеев'}, 'text': 'Выберите действие:', 'caption_entities': [], 'entities': [], 'photo': [], 'delete_chat_photo': False, 'message_id': 3639, 'channel_chat_created': False, 'new_chat_photo': [], 'from': {'is_bot': True, 'first_name': 'TortoBot 🎂', 'id': 6948226088, 'username': 'memmfiz01_bot'}}
2024-05-03 01:54:29,492 - telegram.bot - DEBUG - Exiting: send_message
2024-05-03 01:54:39,233 - telegram.bot - DEBUG - No new updates found.
2024-05-03 01:54:39,233 - telegram.bot - DEBUG - []
2024-05-03 01:54:39,233 - telegram.bot - DEBUG - Exiting: get_updates
2024-05-03 01:54:39,233 - telegram.bot - DEBUG - Entering: get_updates
2024-05-03 01:54:49,312 - telegram.bot - DEBUG - No new updates found.
2024-05-03 01:54:49,312 - telegram.bot - DEBUG - []
2024-05-03 01:54:49,312 - telegram.bot - DEBUG - Exiting: get_updates
2024-05-03 01:54:49,312 - telegram.bot - DEBUG - Entering: get_updates
2024-05-03 01:54:59,384 - telegram.bot - DEBUG - No new updates found.
2024-05-03 01:54:59,384 - telegram.bot - DEBUG - []
2024-05-03 01:54:59,385 - telegram.bot - DEBUG - Exiting: get_updates
2024-05-03 01:54:59,385 - telegram.bot - DEBUG - Entering: get_updates
2024-05-03 01:55:09,457 - telegram.bot - DEBUG - No new updates found.
2024-05-03 01:55:09,457 - telegram.bot - DEBUG - []
2024-05-03 01:55:09,457 - telegram.bot - DEBUG - Exiting: get_updates
2024-05-03 01:55:09,457 - telegram.bot - DEBUG - Entering: get_updates
2024-05-03 01:55:19,536 - telegram.bot - DEBUG - No new updates found.
2024-05-03 01:55:19,536 - telegram.bot - DEBUG - []
2024-05-03 01:55:19,536 - telegram.bot - DEBUG - Exiting: get_updates
2024-05-03 01:55:19,536 - telegram.bot - DEBUG - Entering: get_updates
2024-05-03 01:55:23,704 - apscheduler.scheduler - DEBUG - Looking for jobs to run
2024-05-03 01:55:23,704 - apscheduler.scheduler - DEBUG - Looking for jobs to run
2024-05-03 01:55:23,706 - apscheduler.executors.default - INFO - Running job "create_notifications (trigger: interval[0:01:00], next run at: 2024-05-02 22:55:23 UTC)" (scheduled at 2024-05-02 22:55:23.695659+00:00)
2024-05-03 01:55:23,708 - apscheduler.scheduler - DEBUG - Next wakeup is due at 2024-05-02 22:56:23.695659+00:00 (in 59.991445 seconds)
2024-05-03 01:55:23,709 - apscheduler.executors.default - INFO - Running job "delete_notifications (trigger: interval[0:01:00], next run at: 2024-05-02 22:55:23 UTC)" (scheduled at 2024-05-02 22:55:23.701645+00:00)
2024-05-03 01:55:23,709 - apscheduler.scheduler - DEBUG - Next wakeup is due at 2024-05-02 22:56:23.701645+00:00 (in 59.996303 seconds)
2024-05-03 01:55:23,711 - apscheduler.executors.default - INFO - Job "create_notifications (trigger: interval[0:01:00], next run at: 2024-05-02 22:56:23 UTC)" executed successfully
2024-05-03 01:55:23,713 - apscheduler.executors.default - INFO - Job "delete_notifications (trigger: interval[0:01:00], next run at: 2024-05-02 22:56:23 UTC)" executed successfully
2024-05-03 01:55:29,609 - telegram.bot - DEBUG - No new updates found.
2024-05-03 01:55:29,609 - telegram.bot - DEBUG - []
2024-05-03 01:55:29,610 - telegram.bot - DEBUG - Exiting: get_updates
2024-05-03 01:55:29,610 - telegram.bot - DEBUG - Entering: get_updates
2024-05-03 01:55:39,680 - telegram.bot - DEBUG - No new updates found.
2024-05-03 01:55:39,681 - telegram.bot - DEBUG - []
2024-05-03 01:55:39,681 - telegram.bot - DEBUG - Exiting: get_updates
2024-05-03 01:55:39,681 - telegram.bot - DEBUG - Entering: get_updates
2024-05-03 01:55:49,761 - telegram.bot - DEBUG - No new updates found.
2024-05-03 01:55:49,761 - telegram.bot - DEBUG - []
2024-05-03 01:55:49,762 - telegram.bot - DEBUG - Exiting: get_updates
2024-05-03 01:55:49,762 - telegram.bot - DEBUG - Entering: get_updates
2024-05-03 01:55:59,835 - telegram.bot - DEBUG - No new updates found.
2024-05-03 01:55:59,835 - telegram.bot - DEBUG - []
2024-05-03 01:55:59,835 - telegram.bot - DEBUG - Exiting: get_updates
2024-05-03 01:55:59,836 - telegram.bot - DEBUG - Entering: get_updates
2024-05-03 01:56:09,913 - telegram.bot - DEBUG - No new updates found.
2024-05-03 01:56:09,913 - telegram.bot - DEBUG - []
2024-05-03 01:56:09,914 - telegram.bot - DEBUG - Exiting: get_updates
2024-05-03 01:56:09,914 - telegram.bot - DEBUG - Entering: get_updates
2024-05-03 01:56:19,992 - telegram.bot - DEBUG - No new updates found.
2024-05-03 01:56:19,992 - telegram.bot - DEBUG - []
2024-05-03 01:56:19,992 - telegram.bot - DEBUG - Exiting: get_updates
2024-05-03 01:56:19,993 - telegram.bot - DEBUG - Entering: get_updates
2024-05-03 01:56:23,715 - apscheduler.scheduler - DEBUG - Looking for jobs to run
2024-05-03 01:56:23,715 - apscheduler.scheduler - DEBUG - Looking for jobs to run
2024-05-03 01:56:23,716 - apscheduler.scheduler - DEBUG - Next wakeup is due at 2024-05-02 22:57:23.695659+00:00 (in 59.980609 seconds)
2024-05-03 01:56:23,716 - apscheduler.scheduler - DEBUG - Next wakeup is due at 2024-05-02 22:57:23.701645+00:00 (in 59.985473 seconds)
2024-05-03 01:56:23,716 - apscheduler.executors.default - INFO - Running job "create_notifications (trigger: interval[0:01:00], next run at: 2024-05-02 22:57:23 UTC)" (scheduled at 2024-05-02 22:56:23.695659+00:00)
2024-05-03 01:56:23,717 - apscheduler.executors.default - INFO - Running job "delete_notifications (trigger: interval[0:01:00], next run at: 2024-05-02 22:57:23 UTC)" (scheduled at 2024-05-02 22:56:23.701645+00:00)
2024-05-03 01:56:23,721 - apscheduler.executors.default - INFO - Job "create_notifications (trigger: interval[0:01:00], next run at: 2024-05-02 22:57:23 UTC)" executed successfully
2024-05-03 01:56:23,722 - apscheduler.executors.default - INFO - Job "delete_notifications (trigger: interval[0:01:00], next run at: 2024-05-02 22:57:23 UTC)" executed successfully
2024-05-03 01:56:30,066 - telegram.bot - DEBUG - No new updates found.
2024-05-03 01:56:30,067 - telegram.bot - DEBUG - []
2024-05-03 01:56:30,067 - telegram.bot - DEBUG - Exiting: get_updates
2024-05-03 01:56:30,067 - telegram.bot - DEBUG - Entering: get_updates
2024-05-03 01:56:40,146 - telegram.bot - DEBUG - No new updates found.
2024-05-03 01:56:40,147 - telegram.bot - DEBUG - []
2024-05-03 01:56:40,147 - telegram.bot - DEBUG - Exiting: get_updates
2024-05-03 01:56:40,147 - telegram.bot - DEBUG - Entering: get_updates
2024-05-03 01:56:50,220 - telegram.bot - DEBUG - No new updates found.
2024-05-03 01:56:50,220 - telegram.bot - DEBUG - []
2024-05-03 01:56:50,220 - telegram.bot - DEBUG - Exiting: get_updates
2024-05-03 01:56:50,220 - telegram.bot - DEBUG - Entering: get_updates
2024-05-03 01:57:00,299 - telegram.bot - DEBUG - No new updates found.
2024-05-03 01:57:00,300 - telegram.bot - DEBUG - []
2024-05-03 01:57:00,301 - telegram.bot - DEBUG - Exiting: get_updates
2024-05-03 01:57:00,301 - telegram.bot - DEBUG - Entering: get_updates
2024-05-03 01:57:10,379 - telegram.bot - DEBUG - No new updates found.
2024-05-03 01:57:10,379 - telegram.bot - DEBUG - []
2024-05-03 01:57:10,379 - telegram.bot - DEBUG - Exiting: get_updates
2024-05-03 01:57:10,379 - telegram.bot - DEBUG - Entering: get_updates
2024-05-03 01:57:20,449 - telegram.bot - DEBUG - No new updates found.
2024-05-03 01:57:20,449 - telegram.bot - DEBUG - []
2024-05-03 01:57:20,449 - telegram.bot - DEBUG - Exiting: get_updates
2024-05-03 01:57:20,449 - telegram.bot - DEBUG - Entering: get_updates
2024-05-03 01:57:23,705 - apscheduler.scheduler - DEBUG - Looking for jobs to run
2024-05-03 01:57:23,705 - apscheduler.scheduler - DEBUG - Looking for jobs to run
2024-05-03 01:57:23,706 - apscheduler.scheduler - DEBUG - Next wakeup is due at 2024-05-02 22:58:23.695659+00:00 (in 59.989391 seconds)
2024-05-03 01:57:23,706 - apscheduler.executors.default - INFO - Running job "create_notifications (trigger: interval[0:01:00], next run at: 2024-05-02 22:58:23 UTC)" (scheduled at 2024-05-02 22:57:23.695659+00:00)
2024-05-03 01:57:23,707 - apscheduler.scheduler - DEBUG - Next wakeup is due at 2024-05-02 22:58:23.701645+00:00 (in 59.995377 seconds)
2024-05-03 01:57:23,707 - apscheduler.executors.default - INFO - Running job "delete_notifications (trigger: interval[0:01:00], next run at: 2024-05-02 22:58:23 UTC)" (scheduled at 2024-05-02 22:57:23.701645+00:00)
2024-05-03 01:57:23,713 - apscheduler.executors.default - INFO - Job "create_notifications (trigger: interval[0:01:00], next run at: 2024-05-02 22:58:23 UTC)" executed successfully
2024-05-03 01:57:23,714 - apscheduler.executors.default - INFO - Job "delete_notifications (trigger: interval[0:01:00], next run at: 2024-05-02 22:58:23 UTC)" executed successfully
2024-05-03 01:57:30,522 - telegram.bot - DEBUG - No new updates found.
2024-05-03 01:57:30,522 - telegram.bot - DEBUG - []
2024-05-03 01:57:30,522 - telegram.bot - DEBUG - Exiting: get_updates
2024-05-03 01:57:30,522 - telegram.bot - DEBUG - Entering: get_updates
2024-05-03 01:57:40,597 - telegram.bot - DEBUG - No new updates found.
2024-05-03 01:57:40,597 - telegram.bot - DEBUG - []
2024-05-03 01:57:40,597 - telegram.bot - DEBUG - Exiting: get_updates
2024-05-03 01:57:40,597 - telegram.bot - DEBUG - Entering: get_updates
2024-05-03 01:57:50,669 - telegram.bot - DEBUG - No new updates found.
2024-05-03 01:57:50,669 - telegram.bot - DEBUG - []
2024-05-03 01:57:50,669 - telegram.bot - DEBUG - Exiting: get_updates
2024-05-03 01:57:50,669 - telegram.bot - DEBUG - Entering: get_updates
2024-05-03 01:58:00,748 - telegram.bot - DEBUG - No new updates found.
2024-05-03 01:58:00,748 - telegram.bot - DEBUG - []
2024-05-03 01:58:00,748 - telegram.bot - DEBUG - Exiting: get_updates
2024-05-03 01:58:00,749 - telegram.bot - DEBUG - Entering: get_updates
2024-05-03 01:58:10,820 - telegram.bot - DEBUG - No new updates found.
2024-05-03 01:58:10,820 - telegram.bot - DEBUG - []
2024-05-03 01:58:10,820 - telegram.bot - DEBUG - Exiting: get_updates
2024-05-03 01:58:10,820 - telegram.bot - DEBUG - Entering: get_updates
2024-05-03 01:58:20,896 - telegram.bot - DEBUG - No new updates found.
2024-05-03 01:58:20,896 - telegram.bot - DEBUG - []
2024-05-03 01:58:20,896 - telegram.bot - DEBUG - Exiting: get_updates
2024-05-03 01:58:20,896 - telegram.bot - DEBUG - Entering: get_updates
2024-05-03 01:58:23,703 - apscheduler.scheduler - DEBUG - Looking for jobs to run
2024-05-03 01:58:23,703 - apscheduler.scheduler - DEBUG - Next wakeup is due at 2024-05-02 22:59:23.695659+00:00 (in 59.992465 seconds)
2024-05-03 01:58:23,703 - apscheduler.executors.default - INFO - Running job "create_notifications (trigger: interval[0:01:00], next run at: 2024-05-02 22:59:23 UTC)" (scheduled at 2024-05-02 22:58:23.695659+00:00)
2024-05-03 01:58:23,705 - apscheduler.executors.default - INFO - Job "create_notifications (trigger: interval[0:01:00], next run at: 2024-05-02 22:59:23 UTC)" executed successfully
2024-05-03 01:58:23,719 - apscheduler.scheduler - DEBUG - Looking for jobs to run
2024-05-03 01:58:23,719 - apscheduler.scheduler - DEBUG - Next wakeup is due at 2024-05-02 22:59:23.701645+00:00 (in 59.982430 seconds)
2024-05-03 01:58:23,719 - apscheduler.executors.default - INFO - Running job "delete_notifications (trigger: interval[0:01:00], next run at: 2024-05-02 22:59:23 UTC)" (scheduled at 2024-05-02 22:58:23.701645+00:00)
2024-05-03 01:58:23,721 - apscheduler.executors.default - INFO - Job "delete_notifications (trigger: interval[0:01:00], next run at: 2024-05-02 22:59:23 UTC)" executed successfully
2024-05-03 01:58:30,970 - telegram.bot - DEBUG - No new updates found.
2024-05-03 01:58:30,970 - telegram.bot - DEBUG - []
2024-05-03 01:58:30,970 - telegram.bot - DEBUG - Exiting: get_updates
2024-05-03 01:58:30,970 - telegram.bot - DEBUG - Entering: get_updates
